TN:
SF:src/models/Ingredient.ts
FN:5,(anonymous_0)
FN:47,(anonymous_1)
FN:62,(anonymous_2)
FN:70,(anonymous_3)
FN:79,(anonymous_4)
FN:87,(anonymous_5)
FN:96,(anonymous_6)
FN:104,(anonymous_7)
FN:113,(anonymous_8)
FN:121,(anonymous_9)
FN:130,(anonymous_10)
FN:138,(anonymous_11)
FN:147,(anonymous_12)
FN:155,(anonymous_13)
FNF:14
FNH:14
FNDA:1,(anonymous_0)
FNDA:11,(anonymous_1)
FNDA:2,(anonymous_2)
FNDA:1,(anonymous_3)
FNDA:21,(anonymous_4)
FNDA:1,(anonymous_5)
FNDA:78,(anonymous_6)
FNDA:1,(anonymous_7)
FNDA:2,(anonymous_8)
FNDA:1,(anonymous_9)
FNDA:33,(anonymous_10)
FNDA:1,(anonymous_11)
FNDA:59,(anonymous_12)
FNDA:1,(anonymous_13)
DA:5,1
DA:6,1
DA:7,1
DA:8,1
DA:9,1
DA:10,1
DA:11,1
DA:12,1
DA:13,1
DA:14,1
DA:15,1
DA:16,1
DA:29,1
DA:49,11
DA:50,11
DA:51,11
DA:52,11
DA:53,11
DA:54,11
DA:63,2
DA:71,1
DA:80,21
DA:88,1
DA:97,78
DA:105,1
DA:114,2
DA:122,1
DA:131,33
DA:139,1
DA:148,59
DA:156,1
LF:31
LH:31
BRDA:5,0,0,1
BRDA:5,0,1,1
BRF:2
BRH:2
end_of_record
TN:
SF:src/models/MacroNutrients.ts
FN:20,(anonymous_0)
FN:31,(anonymous_1)
FN:38,(anonymous_2)
FN:47,(anonymous_3)
FN:54,(anonymous_4)
FN:63,(anonymous_5)
FN:70,(anonymous_6)
FNF:7
FNH:7
FNDA:26,(anonymous_0)
FNDA:52,(anonymous_1)
FNDA:26,(anonymous_2)
FNDA:52,(anonymous_3)
FNDA:26,(anonymous_4)
FNDA:52,(anonymous_5)
FNDA:26,(anonymous_6)
DA:7,1
DA:21,26
DA:22,26
DA:23,26
DA:32,52
DA:39,26
DA:48,52
DA:55,26
DA:64,52
DA:71,26
LF:10
LH:10
BRF:0
BRH:0
end_of_record
TN:
SF:src/models/Menu.ts
FN:24,(anonymous_0)
FN:37,(anonymous_1)
FN:44,(anonymous_2)
FN:53,(anonymous_3)
FN:60,(anonymous_4)
FN:72,(anonymous_5)
FN:81,(anonymous_6)
FN:90,(anonymous_7)
FN:99,(anonymous_8)
FN:101,(anonymous_9)
FN:112,(anonymous_10)
FN:114,(anonymous_11)
FN:115,(anonymous_12)
FN:125,(anonymous_13)
FN:127,(anonymous_14)
FNF:15
FNH:15
FNDA:1,(anonymous_0)
FNDA:2,(anonymous_1)
FNDA:1,(anonymous_2)
FNDA:2,(anonymous_3)
FNDA:1,(anonymous_4)
FNDA:2,(anonymous_5)
FNDA:2,(anonymous_6)
FNDA:2,(anonymous_7)
FNDA:2,(anonymous_8)
FNDA:6,(anonymous_9)
FNDA:2,(anonymous_10)
FNDA:6,(anonymous_11)
FNDA:12,(anonymous_12)
FNDA:2,(anonymous_13)
FNDA:6,(anonymous_14)
DA:2,1
DA:13,1
DA:25,1
DA:26,1
DA:27,1
DA:28,1
DA:29,1
DA:38,2
DA:45,1
DA:54,2
DA:61,1
DA:62,1
DA:63,1
DA:64,1
DA:73,2
DA:82,2
DA:91,2
DA:100,2
DA:101,2
DA:102,6
DA:103,6
DA:104,6
DA:106,2
DA:113,2
DA:114,2
DA:115,6
DA:116,12
DA:119,2
DA:126,2
DA:127,2
DA:128,6
DA:130,2
LF:32
LH:32
BRF:0
BRH:0
end_of_record
TN:
SF:src/models/Plate.ts
FN:8,(anonymous_0)
FN:37,(anonymous_1)
FN:51,(anonymous_2)
FN:58,(anonymous_3)
FN:67,(anonymous_4)
FN:74,(anonymous_5)
FN:83,(anonymous_6)
FN:90,(anonymous_7)
FN:102,(anonymous_8)
FN:111,(anonymous_9)
FN:120,(anonymous_10)
FN:127,(anonymous_11)
FN:136,(anonymous_12)
FN:146,(anonymous_13)
FN:148,(anonymous_14)
FN:162,(anonymous_15)
FN:168,(anonymous_16)
FN:177,(anonymous_17)
FN:179,(anonymous_18)
FNF:19
FNH:19
FNDA:1,(anonymous_0)
FNDA:5,(anonymous_1)
FNDA:2,(anonymous_2)
FNDA:1,(anonymous_3)
FNDA:2,(anonymous_4)
FNDA:1,(anonymous_5)
FNDA:16,(anonymous_6)
FNDA:1,(anonymous_7)
FNDA:21,(anonymous_8)
FNDA:3,(anonymous_9)
FNDA:10,(anonymous_10)
FNDA:1,(anonymous_11)
FNDA:1,(anonymous_12)
FNDA:7,(anonymous_13)
FNDA:19,(anonymous_14)
FNDA:7,(anonymous_15)
FNDA:19,(anonymous_16)
FNDA:7,(anonymous_17)
FNDA:19,(anonymous_18)
DA:1,1
DA:2,1
DA:8,1
DA:9,1
DA:10,1
DA:11,1
DA:12,1
DA:24,1
DA:38,5
DA:39,5
DA:40,5
DA:41,5
DA:42,5
DA:43,5
DA:52,2
DA:59,1
DA:68,2
DA:75,1
DA:84,16
DA:91,1
DA:92,1
DA:93,1
DA:94,1
DA:103,21
DA:112,3
DA:121,10
DA:128,1
DA:137,1
DA:138,1
DA:139,1
DA:140,1
DA:147,7
DA:148,7
DA:149,19
DA:150,19
DA:151,19
DA:152,19
DA:153,19
DA:154,19
DA:156,7
DA:163,7
DA:167,7
DA:168,7
DA:169,19
DA:171,7
DA:178,7
DA:179,7
DA:180,19
DA:182,7
LF:49
LH:49
BRDA:8,0,0,1
BRDA:8,0,1,1
BRF:2
BRH:2
end_of_record
