TN:
SF:src/Ingredient.ts
FN:5,(anonymous_0)
FN:29,(anonymous_1)
FN:47,Ingredient
FN:62,(anonymous_3)
FN:70,(anonymous_4)
FN:79,(anonymous_5)
FN:87,(anonymous_6)
FN:96,(anonymous_7)
FN:104,(anonymous_8)
FN:113,(anonymous_9)
FN:121,(anonymous_10)
FN:130,(anonymous_11)
FN:138,(anonymous_12)
FN:147,(anonymous_13)
FN:155,(anonymous_14)
FNF:15
FNH:15
FNDA:1,(anonymous_0)
FNDA:1,(anonymous_1)
FNDA:5,Ingredient
FNDA:2,(anonymous_3)
FNDA:1,(anonymous_4)
FNDA:13,(anonymous_5)
FNDA:1,(anonymous_6)
FNDA:46,(anonymous_7)
FNDA:1,(anonymous_8)
FNDA:2,(anonymous_9)
FNDA:1,(anonymous_10)
FNDA:13,(anonymous_11)
FNDA:1,(anonymous_12)
FNDA:35,(anonymous_13)
FNDA:1,(anonymous_14)
DA:5,1
DA:6,1
DA:7,1
DA:8,1
DA:9,1
DA:10,1
DA:11,1
DA:12,1
DA:13,1
DA:14,1
DA:15,1
DA:16,1
DA:29,1
DA:49,5
DA:50,5
DA:51,5
DA:52,5
DA:53,5
DA:54,5
DA:62,1
DA:63,2
DA:71,1
DA:79,1
DA:80,13
DA:88,1
DA:96,1
DA:97,46
DA:105,1
DA:113,1
DA:114,2
DA:122,1
DA:130,1
DA:131,13
DA:139,1
DA:147,1
DA:148,35
DA:156,1
DA:158,1
LF:38
LH:38
BRDA:5,0,0,1
BRDA:5,0,1,1
BRF:2
BRH:2
end_of_record
TN:
SF:src/MacroNutrients.ts
FN:7,(anonymous_0)
FN:20,MacroNutrients
FN:31,(anonymous_2)
FN:38,(anonymous_3)
FN:47,(anonymous_4)
FN:54,(anonymous_5)
FN:63,(anonymous_6)
FN:70,(anonymous_7)
FNF:8
FNH:8
FNDA:1,(anonymous_0)
FNDA:12,MacroNutrients
FNDA:24,(anonymous_2)
FNDA:12,(anonymous_3)
FNDA:24,(anonymous_4)
FNDA:12,(anonymous_5)
FNDA:24,(anonymous_6)
FNDA:12,(anonymous_7)
DA:7,1
DA:21,12
DA:22,12
DA:23,12
DA:31,1
DA:32,24
DA:39,12
DA:47,1
DA:48,24
DA:55,12
DA:63,1
DA:64,24
DA:71,12
DA:73,1
LF:14
LH:14
BRF:0
BRH:0
end_of_record
TN:
SF:src/Plate.ts
FN:8,(anonymous_0)
FN:18,(anonymous_1)
FN:30,Plate
FN:40,(anonymous_3)
FN:44,(anonymous_4)
FN:50,(anonymous_5)
FN:54,(anonymous_6)
FN:63,(anonymous_7)
FN:69,(anonymous_8)
FN:75,(anonymous_9)
FN:79,(anonymous_10)
FN:85,(anonymous_11)
FN:92,(anonymous_12)
FN:94,(anonymous_13)
FN:105,(anonymous_14)
FN:111,(anonymous_15)
FN:117,(anonymous_16)
FN:119,(anonymous_17)
FNF:18
FNH:18
FNDA:1,(anonymous_0)
FNDA:1,(anonymous_1)
FNDA:1,Plate
FNDA:2,(anonymous_3)
FNDA:1,(anonymous_4)
FNDA:6,(anonymous_5)
FNDA:1,(anonymous_6)
FNDA:3,(anonymous_7)
FNDA:3,(anonymous_8)
FNDA:4,(anonymous_9)
FNDA:1,(anonymous_10)
FNDA:1,(anonymous_11)
FNDA:3,(anonymous_12)
FNDA:11,(anonymous_13)
FNDA:3,(anonymous_14)
FNDA:11,(anonymous_15)
FNDA:3,(anonymous_16)
FNDA:11,(anonymous_17)
DA:1,1
DA:2,1
DA:8,1
DA:9,1
DA:10,1
DA:11,1
DA:12,1
DA:18,1
DA:31,1
DA:32,1
DA:33,1
DA:34,1
DA:35,1
DA:40,1
DA:41,2
DA:45,1
DA:50,1
DA:51,6
DA:55,1
DA:56,1
DA:57,1
DA:58,1
DA:63,1
DA:64,3
DA:69,1
DA:70,3
DA:75,1
DA:76,4
DA:80,1
DA:85,1
DA:86,1
DA:87,1
DA:88,1
DA:89,1
DA:92,1
DA:93,3
DA:94,3
DA:95,11
DA:96,11
DA:97,11
DA:98,11
DA:99,11
DA:100,11
DA:102,3
DA:105,1
DA:106,3
DA:110,3
DA:111,3
DA:112,11
DA:114,3
DA:117,1
DA:118,3
DA:119,3
DA:120,11
DA:122,3
DA:124,1
LF:56
LH:56
BRDA:8,0,0,1
BRDA:8,0,1,1
BRF:2
BRH:2
end_of_record
